<?xml version="1.0" encoding="UTF-8"?>
<testsuite xmlns:xsi="http://www.w3.org/2001/XMLSchema-instance" xsi:noNamespaceSchemaLocation="https://maven.apache.org/surefire/maven-failsafe-plugin/xsd/failsafe-test-report-3.0.xsd" version="3.0" name="com.github.seregamorph.testsmartcontext.demo.SampleIT" time="0.155" tests="1" errors="0" skipped="0" failures="0">
  <properties>
[...]
</properties>
  <testcase name="test404" classname="com.github.seregamorph.testsmartcontext.demo.SampleIT" time="0.01">
    <system-out><![CDATA[12:08:22 [main] INFO  com.github.seregamorph.testsmartcontext.SmartDirtiesContextTestExecutionListener - markDirty com.github.seregamorph.testsmartcontext.demo.Integration2IT
12:08:22 [main] INFO  com.github.seregamorph.testsmartcontext.SpringContextEventTestLogger - Destroying context for class com.github.seregamorph.testsmartcontext.demo.Integration2IT

  .   ____          _            __ _ _
 /\\ / ___'_ __ _ _(_)_ __  __ _ \ \ \ \
( ( )\___ | '_ | '_| | '_ \/ _` | \ \ \ \
 \\/  ___)| |_)| | | | | || (_| |  ) ) ) )
  '  |____| .__|_| |_|_| |_\__, | / / / /
 =========|_|==============|___/=/_/_/_/
 :: Spring Boot ::                (v3.2.2)

12:08:22 [main] INFO  com.github.seregamorph.testsmartcontext.demo.SampleIT - Starting SampleIT using Java 17.0.10 with PID 35419 (started by morph in /Users/morph/Projects/spring-test-smart-context/demo/demo-maven-junit-platform-testng-boot32)
12:08:22 [main] INFO  com.github.seregamorph.testsmartcontext.demo.SampleIT - The following 1 profile is active: "test"
12:08:22 [main] INFO  com.github.seregamorph.testsmartcontext.SpringContextEventTestLogger - Creating context for com.github.seregamorph.testsmartcontext.demo.SampleIT
12:08:22 [main] INFO  org.springframework.boot.test.mock.web.SpringBootMockServletContext - Initializing Spring TestDispatcherServlet ''
12:08:22 [main] INFO  org.springframework.test.web.servlet.TestDispatcherServlet - Initializing Servlet ''
12:08:22 [main] INFO  org.springframework.test.web.servlet.TestDispatcherServlet - Completed initialization in 66 ms
12:08:22 [main] INFO  com.github.seregamorph.testsmartcontext.demo.SampleIT - Started SampleIT in 0.131 seconds (process running for 0.838)
Running class com.github.seregamorph.testsmartcontext.demo.SampleIT
12:08:22 [main] WARN  org.springframework.web.servlet.PageNotFound - No mapping for GET /article
12:08:22 [main] WARN  org.springframework.web.servlet.PageNotFound - No endpoint GET /article.
]]></system-out>
  </testcase>
</testsuite>